0 info it worked if it ends with ok
1 verbose cli [ '/Users/qiming/.nvm/versions/node/v4.2.1/bin/node',
1 verbose cli   '/Users/qiming/.nvm/versions/node/v4.2.1/bin/npm',
1 verbose cli   'install',
1 verbose cli   'mocha',
1 verbose cli   'chai',
1 verbose cli   'expectjs',
1 verbose cli   '--save-dev' ]
2 info using npm@3.5.3
3 info using node@v4.2.1
4 silly loadCurrentTree Starting
5 silly install loadCurrentTree
6 silly install readLocalPackageData
7 silly fetchPackageMetaData mocha
8 silly fetchPackageMetaData chai
9 silly fetchPackageMetaData expectjs
10 silly fetchNamedPackageData mocha
11 silly mapToRegistry name mocha
12 silly mapToRegistry using default registry
13 silly mapToRegistry registry http://registry.npmjs.org/
14 silly mapToRegistry uri http://registry.npmjs.org/mocha
15 silly fetchNamedPackageData chai
16 silly mapToRegistry name chai
17 silly mapToRegistry using default registry
18 silly mapToRegistry registry http://registry.npmjs.org/
19 silly mapToRegistry uri http://registry.npmjs.org/chai
20 silly fetchNamedPackageData expectjs
21 silly mapToRegistry name expectjs
22 silly mapToRegistry using default registry
23 silly mapToRegistry registry http://registry.npmjs.org/
24 silly mapToRegistry uri http://registry.npmjs.org/expectjs
25 verbose request uri http://registry.npmjs.org/expectjs
26 verbose request no auth needed
27 info attempt registry request try #1 at 12:49:58 AM
28 verbose request using bearer token for auth
29 verbose request id c682d8b003b4560f
30 http request GET http://registry.npmjs.org/expectjs
31 verbose request uri http://registry.npmjs.org/mocha
32 verbose request no auth needed
33 info attempt registry request try #1 at 12:49:58 AM
34 verbose request using bearer token for auth
35 verbose etag "16WMIKE099WZ2L6YT928C6ANI"
36 http request GET http://registry.npmjs.org/mocha
37 verbose request uri http://registry.npmjs.org/chai
38 verbose request no auth needed
39 info attempt registry request try #1 at 12:49:58 AM
40 verbose request using bearer token for auth
41 verbose etag "EVF70CMU6OED6WL0TE90GT2UY"
42 http request GET http://registry.npmjs.org/chai
43 http 200 http://registry.npmjs.org/chai
44 verbose headers { server: 'CouchDB/1.5.0 (Erlang OTP/R16B03)',
44 verbose headers   etag: '"3V31JHWINM2RPT3XWBI0I4G39"',
44 verbose headers   'content-type': 'application/json',
44 verbose headers   'cache-control': 'max-age=300',
44 verbose headers   'content-length': '86415',
44 verbose headers   'accept-ranges': 'bytes',
44 verbose headers   date: 'Tue, 02 Feb 2016 08:49:58 GMT',
44 verbose headers   via: '1.1 varnish',
44 verbose headers   connection: 'keep-alive',
44 verbose headers   'x-served-by': 'cache-sjc3133-SJC',
44 verbose headers   'x-cache': 'MISS',
44 verbose headers   'x-cache-hits': '0',
44 verbose headers   'x-timer': 'S1454402998.621451,VS0,VE184',
44 verbose headers   vary: 'Accept' }
45 silly get cb [ 200,
45 silly get   { server: 'CouchDB/1.5.0 (Erlang OTP/R16B03)',
45 silly get     etag: '"3V31JHWINM2RPT3XWBI0I4G39"',
45 silly get     'content-type': 'application/json',
45 silly get     'cache-control': 'max-age=300',
45 silly get     'content-length': '86415',
45 silly get     'accept-ranges': 'bytes',
45 silly get     date: 'Tue, 02 Feb 2016 08:49:58 GMT',
45 silly get     via: '1.1 varnish',
45 silly get     connection: 'keep-alive',
45 silly get     'x-served-by': 'cache-sjc3133-SJC',
45 silly get     'x-cache': 'MISS',
45 silly get     'x-cache-hits': '0',
45 silly get     'x-timer': 'S1454402998.621451,VS0,VE184',
45 silly get     vary: 'Accept' } ]
46 verbose get saving chai to /Users/qiming/.npm/registry.npmjs.org/chai/.cache.json
47 http 404 http://registry.npmjs.org/expectjs
48 verbose headers { 'content-type': 'application/json',
48 verbose headers   'cache-control': 'max-age=0',
48 verbose headers   'content-length': '2',
48 verbose headers   'accept-ranges': 'bytes',
48 verbose headers   date: 'Tue, 02 Feb 2016 08:49:58 GMT',
48 verbose headers   via: '1.1 varnish',
48 verbose headers   connection: 'keep-alive',
48 verbose headers   'x-served-by': 'cache-sjc3126-SJC',
48 verbose headers   'x-cache': 'MISS',
48 verbose headers   'x-cache-hits': '0',
48 verbose headers   'x-timer': 'S1454402998.642998,VS0,VE355' }
49 silly get cb [ 404,
49 silly get   { 'content-type': 'application/json',
49 silly get     'cache-control': 'max-age=0',
49 silly get     'content-length': '2',
49 silly get     'accept-ranges': 'bytes',
49 silly get     date: 'Tue, 02 Feb 2016 08:49:58 GMT',
49 silly get     via: '1.1 varnish',
49 silly get     connection: 'keep-alive',
49 silly get     'x-served-by': 'cache-sjc3126-SJC',
49 silly get     'x-cache': 'MISS',
49 silly get     'x-cache-hits': '0',
49 silly get     'x-timer': 'S1454402998.642998,VS0,VE355' } ]
50 silly fetchPackageMetaData Error: Registry returned 404 for GET on http://registry.npmjs.org/expectjs
50 silly fetchPackageMetaData     at makeError (/Users/qiming/.nvm/versions/node/v4.2.1/lib/node_modules/npm/node_modules/npm-registry-client/lib/request.js:264:12)
50 silly fetchPackageMetaData     at CachingRegistryClient.<anonymous> (/Users/qiming/.nvm/versions/node/v4.2.1/lib/node_modules/npm/node_modules/npm-registry-client/lib/request.js:242:14)
50 silly fetchPackageMetaData     at Request._callback (/Users/qiming/.nvm/versions/node/v4.2.1/lib/node_modules/npm/node_modules/npm-registry-client/lib/request.js:172:14)
50 silly fetchPackageMetaData     at Request.self.callback (/Users/qiming/.nvm/versions/node/v4.2.1/lib/node_modules/npm/node_modules/request/request.js:198:22)
50 silly fetchPackageMetaData     at emitTwo (events.js:87:13)
50 silly fetchPackageMetaData     at Request.emit (events.js:172:7)
50 silly fetchPackageMetaData     at Request.<anonymous> (/Users/qiming/.nvm/versions/node/v4.2.1/lib/node_modules/npm/node_modules/request/request.js:1035:10)
50 silly fetchPackageMetaData     at emitOne (events.js:82:20)
50 silly fetchPackageMetaData     at Request.emit (events.js:169:7)
50 silly fetchPackageMetaData     at IncomingMessage.<anonymous> (/Users/qiming/.nvm/versions/node/v4.2.1/lib/node_modules/npm/node_modules/request/request.js:962:12)
50 silly fetchPackageMetaData  error for expectjs { [Error: Registry returned 404 for GET on http://registry.npmjs.org/expectjs] pkgid: 'expectjs', statusCode: 404, code: 'E404' }
51 http 200 http://registry.npmjs.org/mocha
52 verbose headers { server: 'CouchDB/1.5.0 (Erlang OTP/R16B03)',
52 verbose headers   etag: '"D0FYU7TB5JWYL4810V7KO8HO9"',
52 verbose headers   'content-type': 'application/json',
52 verbose headers   'cache-control': 'max-age=300',
52 verbose headers   'content-length': '281717',
52 verbose headers   'accept-ranges': 'bytes',
52 verbose headers   date: 'Tue, 02 Feb 2016 08:49:58 GMT',
52 verbose headers   via: '1.1 varnish',
52 verbose headers   connection: 'keep-alive',
52 verbose headers   'x-served-by': 'cache-sjc3135-SJC',
52 verbose headers   'x-cache': 'MISS',
52 verbose headers   'x-cache-hits': '0',
52 verbose headers   'x-timer': 'S1454402998.639046,VS0,VE252',
52 verbose headers   vary: 'Accept' }
53 silly get cb [ 200,
53 silly get   { server: 'CouchDB/1.5.0 (Erlang OTP/R16B03)',
53 silly get     etag: '"D0FYU7TB5JWYL4810V7KO8HO9"',
53 silly get     'content-type': 'application/json',
53 silly get     'cache-control': 'max-age=300',
53 silly get     'content-length': '281717',
53 silly get     'accept-ranges': 'bytes',
53 silly get     date: 'Tue, 02 Feb 2016 08:49:58 GMT',
53 silly get     via: '1.1 varnish',
53 silly get     connection: 'keep-alive',
53 silly get     'x-served-by': 'cache-sjc3135-SJC',
53 silly get     'x-cache': 'MISS',
53 silly get     'x-cache-hits': '0',
53 silly get     'x-timer': 'S1454402998.639046,VS0,VE252',
53 silly get     vary: 'Accept' } ]
54 verbose get saving mocha to /Users/qiming/.npm/registry.npmjs.org/mocha/.cache.json
55 silly rollbackFailedOptional Starting
56 silly rollbackFailedOptional Finishing
57 silly runTopLevelLifecycles Starting
58 silly runTopLevelLifecycles Finishing
59 silly install printInstalled
60 verbose stack Error: Registry returned 404 for GET on http://registry.npmjs.org/expectjs
60 verbose stack     at makeError (/Users/qiming/.nvm/versions/node/v4.2.1/lib/node_modules/npm/node_modules/npm-registry-client/lib/request.js:264:12)
60 verbose stack     at CachingRegistryClient.<anonymous> (/Users/qiming/.nvm/versions/node/v4.2.1/lib/node_modules/npm/node_modules/npm-registry-client/lib/request.js:242:14)
60 verbose stack     at Request._callback (/Users/qiming/.nvm/versions/node/v4.2.1/lib/node_modules/npm/node_modules/npm-registry-client/lib/request.js:172:14)
60 verbose stack     at Request.self.callback (/Users/qiming/.nvm/versions/node/v4.2.1/lib/node_modules/npm/node_modules/request/request.js:198:22)
60 verbose stack     at emitTwo (events.js:87:13)
60 verbose stack     at Request.emit (events.js:172:7)
60 verbose stack     at Request.<anonymous> (/Users/qiming/.nvm/versions/node/v4.2.1/lib/node_modules/npm/node_modules/request/request.js:1035:10)
60 verbose stack     at emitOne (events.js:82:20)
60 verbose stack     at Request.emit (events.js:169:7)
60 verbose stack     at IncomingMessage.<anonymous> (/Users/qiming/.nvm/versions/node/v4.2.1/lib/node_modules/npm/node_modules/request/request.js:962:12)
61 verbose statusCode 404
62 verbose pkgid expectjs
63 verbose cwd /Users/qiming/Documents/s10/mantra-sample-blog-app
64 error Darwin 14.5.0
65 error argv "/Users/qiming/.nvm/versions/node/v4.2.1/bin/node" "/Users/qiming/.nvm/versions/node/v4.2.1/bin/npm" "install" "mocha" "chai" "expectjs" "--save-dev"
66 error node v4.2.1
67 error npm  v3.5.3
68 error code E404
69 error 404 Registry returned 404 for GET on http://registry.npmjs.org/expectjs
70 error 404
71 error 404 'expectjs' is not in the npm registry.
72 error 404 You should bug the author to publish it (or use the name yourself!)
73 error 404 Note that you can also install from a
74 error 404 tarball, folder, http url, or git url.
75 verbose exit [ 1, true ]
